### Windows output example:

uuid>python identifier.py

reader: ['ProcessorId=078BFBFF00020FC2']
reader: ['UUID=FFFFFFFF-FFFF-FFFF-FFFF-FFFFFFFFFFFF']
reader: ['Name=AMD Athlon(tm) 64 Processor 3000+']
reader: ['Product=K8T800-8237']
reader: ['Version=VIAK8  - 42302e31']
reader: ['TotalPhysicalMemory=1610039296']
info:   [078BFBFF00020FC2FFFFFFFF-FFFF-FFFF-FFFF-FFFFFFFFFFFFAMD Athlon(tm) 64 Processor 3000+K8T800-8237VIAK8  - 42302e311610039296]
result: [8e34ecad5020a9b0407d8540053eebf2930ef91bc865dd97f7bc516a]


### Linux output example:

uuid$ python identifier.py
reader: ['1821fbaf-59ff-4908-99c1-87572edf11f2']
reader: ['ASUS All Series/H87-PLUS, BIOS 0607 09/17/2013']
reader: ['Embedded 33 pages/cpu @ffff88021fa00000 s98008 r8192 d28968 u524288']
reader: ['7827724K/8061156K available (8188K kernel code, 1292K rwdata, 3964K rodata, 1488K init, 1292K bss, 233432K
          reserved, 0K cma-reserved)']
reader: ['Intel(R) Core(TM) i5-4440 CPU @ 3.10GHz (family: 0x6, model: 0x3c, stepping: 0x3)']
info:   [1821fbaf-59ff-4908-99c1-87572edf11f2ASUS All Series/H87-PLUS, BIOS 0607 09/17/2013Embedded 33 pages/cpu
         @ffff88021fa00000 s98008 r8192 d28968 u5242887827724K/8061156K available (8188K kernel code, 1292K rwdata, 3964K
         rodata, 1488K init, 1292K bss, 233432K reserved, 0K cma-reserved)Intel(R) Core(TM) i5-4440 CPU @ 3.10GHz
         (family: 0x6, model: 0x3c, stepping: 0x3)]
result: [52fce38ea6cb88894b004e89c9f9b7697e1371d9c223fc44367e3e5a]
